
          -------------------------------------------------------
          Amber 16 SANDER                              2016
          -------------------------------------------------------

| Run on 05/22/2017 at 06:18:57

|   Executable path: /Users/Aretas/RP1/amber16/bin/sander
| Working directory: /Users/Aretas/RP1/Linear_scaffolds/Scaffolds_pdbs
|          Hostname: Unknown
  [-O]verwriting output

File Assignments:
|  MDIN: /Users/Aretas/RP1/Linear_scaffolds/Scaffolds_pdbs/min.i               
| MDOUT: /Users/Aretas/RP1/Linear_scaffolds/Scaffolds_pdbs/scaffold_1/scaffold_
|INPCRD: /Users/Aretas/RP1/Linear_scaffolds/Scaffolds_pdbs/scaffold_1/scaffold_
|  PARM: /Users/Aretas/RP1/Linear_scaffolds/Scaffolds_pdbs/scaffold_1/scaffold_
|RESTRT: /Users/Aretas/RP1/Linear_scaffolds/Scaffolds_pdbs/scaffold_1/scaffold_
|  REFC: /Users/Aretas/RP1/Linear_scaffolds/Scaffolds_pdbs/scaffold_1/scaffold_
| MDVEL: mdvel                                                                 
| MDFRC: mdfrc                                                                 
|  MDEN: mden                                                                  
| MDCRD: mdcrd                                                                 
|MDINFO: mdinfo                                                                
|  MTMD: mtmd                                                                  
|INPDIP: inpdip                                                                
|RSTDIP: rstdip                                                                
|INPTRA: inptraj                                                               


 Here is the input file:

nimization of molecule                                                         
&cntrl                                                                         
 imin=1, maxcyc=1000, ncyc=500, ntmin=0,                                       
 ntpr=50,                                                                      
 cut=999., igb=0, ntb=0,                                                       
 ntr=0                                                                         
&end                                                                           
~                                                                              

--------------------------------------------------------------------------------
   1.  RESOURCE   USE: 
--------------------------------------------------------------------------------

| Flags:                                                                        
|    NONPERIODIC   ntb=0 and igb=0: Setting up nonperiodic simulation
|  *** cutoff > system size, list only builds once
|Largest sphere to fit in unit cell has radius =    32.032
| New format PARM file being parsed.
| Version =    1.000 Date = 05/22/17 Time = 06:18:57
 NATOM  =      32 NTYPES =       2 NBONH =      22 MBONA  =       9
 NTHETH =      52 MTHETA =       8 NPHIH =      74 MPHIA  =      21
 NHPARM =       0 NPARM  =       0 NNB   =     173 NRES   =       1
 NBONA  =       9 NTHETA =       8 NPHIA =      21 NUMBND =       2
 NUMANG =       3 NPTRA  =       5 NATYP =       2 NPHB   =       0
 IFBOX  =       0 NMXRS  =      32 IFCAP =       0 NEXTRA =       0
 NCOPY  =       0


|     Memory Use     Allocated
|     Real                6766
|     Hollerith             99
|     Integer            25627
|     Max Pairs            496
|     nblistReal           384
|     nblist Int       1012698
|       Total             4114 kbytes

| Note: 1-4 EEL scale factors are being read from the topology file.

| Note: 1-4 VDW scale factors are being read from the topology file.
| Duplicated    0 dihedrals
| Duplicated    0 dihedrals

--------------------------------------------------------------------------------
   2.  CONTROL  DATA  FOR  THE  RUN
--------------------------------------------------------------------------------

default_name                                                                    

General flags:
     imin    =       1, nmropt  =       0

Nature and format of input:
     ntx     =       1, irest   =       0, ntrx    =       1

Nature and format of output:
     ntxo    =       2, ntpr    =      50, ntrx    =       1, ntwr    =       1
     iwrap   =       0, ntwx    =       0, ntwv    =       0, ntwe    =       0
     ioutfm  =       1, ntwprt  =       0, idecomp =       0, rbornstat=      0

Potential function:
     ntf     =       1, ntb     =       0, igb     =       0, nsnb    =      25
     ipol    =       0, gbsa    =       0, iesp    =       0
     dielc   =   1.00000, cut     = 999.00000, intdiel =   1.00000

Frozen or restrained atoms:
     ibelly  =       0, ntr     =       0

Energy minimization:
     maxcyc  =    1000, ncyc    =     500, ntmin   =       0
     dx0     =   0.01000, drms    =   0.00010
|  INFO: Old style inpcrd file read


--------------------------------------------------------------------------------
   3.  ATOMIC COORDINATES AND VELOCITIES
--------------------------------------------------------------------------------

default_name                                                                    
 begin time read from input coords =     0.000 ps

 Number of triangulated 3-point waters found:        0

     Sum of charges from parm topology file =   0.00000000
     Forcing neutrality...

--------------------------------------------------------------------------------
   4.  RESULTS
--------------------------------------------------------------------------------

 ---------------------------------------------------

     eedmeth=4: Setting switch to one everywhere

 ---------------------------------------------------
| Local SIZE OF NONBOND LIST =        324
| TOTAL SIZE OF NONBOND LIST =        324


   NSTEP       ENERGY          RMS            GMAX         NAME    NUMBER
      1       5.6054E+00     2.5528E+00     1.1661E+01     C9         29

 BOND    =        0.3487  ANGLE   =        0.1728  DIHED      =        2.8370
 VDWAALS =       -1.0693  EEL     =        0.0000  HBOND      =        0.0000
 1-4 VDW =        3.3164  1-4 EEL =        0.0000  RESTRAINT  =        0.0000


   NSTEP       ENERGY          RMS            GMAX         NAME    NUMBER
     50       4.5237E+00     7.4430E-02     2.4614E-01     C8         26

 BOND    =        0.1353  ANGLE   =        0.2764  DIHED      =        2.8465
 VDWAALS =       -1.1503  EEL     =        0.0000  HBOND      =        0.0000
 1-4 VDW =        2.4158  1-4 EEL =        0.0000  RESTRAINT  =        0.0000


   NSTEP       ENERGY          RMS            GMAX         NAME    NUMBER
    100       4.5231E+00     2.5895E-03     9.1254E-03     C4         14

 BOND    =        0.1338  ANGLE   =        0.2755  DIHED      =        2.8464
 VDWAALS =       -1.1501  EEL     =        0.0000  HBOND      =        0.0000
 1-4 VDW =        2.4175  1-4 EEL =        0.0000  RESTRAINT  =        0.0000


   NSTEP       ENERGY          RMS            GMAX         NAME    NUMBER
    150       4.5231E+00     1.1918E-03     4.2506E-03     C1          5

 BOND    =        0.1340  ANGLE   =        0.2756  DIHED      =        2.8465
 VDWAALS =       -1.1501  EEL     =        0.0000  HBOND      =        0.0000
 1-4 VDW =        2.4171  1-4 EEL =        0.0000  RESTRAINT  =        0.0000


   NSTEP       ENERGY          RMS            GMAX         NAME    NUMBER
    200       4.5231E+00     1.1248E-03     3.0842E-03     C4         14

 BOND    =        0.1341  ANGLE   =        0.2755  DIHED      =        2.8465
 VDWAALS =       -1.1501  EEL     =        0.0000  HBOND      =        0.0000
 1-4 VDW =        2.4171  1-4 EEL =        0.0000  RESTRAINT  =        0.0000


   NSTEP       ENERGY          RMS            GMAX         NAME    NUMBER
    250       4.5231E+00     1.9323E-03     7.9890E-03     C           1

 BOND    =        0.1340  ANGLE   =        0.2756  DIHED      =        2.8464
 VDWAALS =       -1.1501  EEL     =        0.0000  HBOND      =        0.0000
 1-4 VDW =        2.4171  1-4 EEL =        0.0000  RESTRAINT  =        0.0000


   NSTEP       ENERGY          RMS            GMAX         NAME    NUMBER
    300       4.5231E+00     2.0652E-04     4.7339E-04     H20        31

 BOND    =        0.1340  ANGLE   =        0.2756  DIHED      =        2.8465
 VDWAALS =       -1.1501  EEL     =        0.0000  HBOND      =        0.0000
 1-4 VDW =        2.4171  1-4 EEL =        0.0000  RESTRAINT  =        0.0000


   NSTEP       ENERGY          RMS            GMAX         NAME    NUMBER
    350       4.5231E+00     1.0942E-03     2.6659E-03     C           1

 BOND    =        0.1339  ANGLE   =        0.2755  DIHED      =        2.8465
 VDWAALS =       -1.1501  EEL     =        0.0000  HBOND      =        0.0000
 1-4 VDW =        2.4174  1-4 EEL =        0.0000  RESTRAINT  =        0.0000


   NSTEP       ENERGY          RMS            GMAX         NAME    NUMBER
    400       4.5231E+00     6.4356E-04     2.6212E-03     C7         23

 BOND    =        0.1340  ANGLE   =        0.2755  DIHED      =        2.8465
 VDWAALS =       -1.1501  EEL     =        0.0000  HBOND      =        0.0000
 1-4 VDW =        2.4172  1-4 EEL =        0.0000  RESTRAINT  =        0.0000


   NSTEP       ENERGY          RMS            GMAX         NAME    NUMBER
    450       4.5231E+00     1.2651E-03     4.8315E-03     C4         14

 BOND    =        0.1340  ANGLE   =        0.2756  DIHED      =        2.8465
 VDWAALS =       -1.1501  EEL     =        0.0000  HBOND      =        0.0000
 1-4 VDW =        2.4172  1-4 EEL =        0.0000  RESTRAINT  =        0.0000


   NSTEP       ENERGY          RMS            GMAX         NAME    NUMBER
    500       4.5231E+00     1.7753E-03     5.6773E-03     C9         29

 BOND    =        0.1341  ANGLE   =        0.2755  DIHED      =        2.8464
 VDWAALS =       -1.1501  EEL     =        0.0000  HBOND      =        0.0000
 1-4 VDW =        2.4171  1-4 EEL =        0.0000  RESTRAINT  =        0.0000


   NSTEP       ENERGY          RMS            GMAX         NAME    NUMBER
    550       4.5231E+00     2.7306E-03     7.2650E-03     C8         26

 BOND    =        0.1340  ANGLE   =        0.2756  DIHED      =        2.8465
 VDWAALS =       -1.1501  EEL     =        0.0000  HBOND      =        0.0000
 1-4 VDW =        2.4171  1-4 EEL =        0.0000  RESTRAINT  =        0.0000


                    FINAL RESULTS



   NSTEP       ENERGY          RMS            GMAX         NAME    NUMBER
    574       4.5231E+00     8.2573E-05     2.3876E-04     C4         14

 BOND    =        0.1340  ANGLE   =        0.2756  DIHED      =        2.8465
 VDWAALS =       -1.1501  EEL     =        0.0000  HBOND      =        0.0000
 1-4 VDW =        2.4171  1-4 EEL =        0.0000  RESTRAINT  =        0.0000

--------------------------------------------------------------------------------
   5.  TIMINGS
--------------------------------------------------------------------------------

|    Read coords time           0.00 ( 0.61% of Total)
|    Fast Water setup           0.00 ( 0.01% of Total)
|                Build the list             0.00 (55.53% of List )
|                Other                      0.00 (44.47% of List )
|             List time                  0.00 ( 1.54% of Nonbo)
|                   Short_ene time             0.03 (95.73% of Direc)
|                   Other                      0.00 ( 4.27% of Direc)
|                Direct Ewald time          0.04 (90.60% of Ewald)
|                Force Adjust               0.00 ( 0.19% of Ewald)
|                Virial junk                0.00 ( 0.49% of Ewald)
|                Start synchronizatio       0.00 ( 0.48% of Ewald)
|                Other                      0.00 ( 8.24% of Ewald)
|             Ewald time                 0.04 (97.46% of Nonbo)
|             IPS excludes               0.00 ( 0.12% of Nonbo)
|             Other                      0.00 ( 0.88% of Nonbo)
|          Nonbond force              0.04 (66.35% of Force)
|          Bond/Angle/Dihedral        0.02 (29.41% of Force)
|          Other                      0.00 ( 4.24% of Force)
|       Force time                 0.06 (100.0% of Runmd)
|    Runmd Time                 0.06 (31.90% of Total)
|    Other                      0.13 (67.48% of Total)
| Total time                 0.19 (100.0% of ALL  )

| Number of list builds   :          1

| Highest rstack allocated:        120
| Highest istack allocated:         24
|           Job began  at 06:18:57.962  on 05/22/2017
|           Setup done at 06:18:57.990  on 05/22/2017
|           Run   done at 06:18:58.152  on 05/22/2017
|     wallclock() was called   13237 times
